<?xml version="1.0" encoding="UTF-8"?>
<testng-results skipped="4" failed="0" total="5" passed="1">
  <reporter-output>
  </reporter-output>
  <suite name="Suite1233333" duration-ms="48781" started-at="2017-11-25T04:48:10Z" finished-at="2017-11-25T04:48:59Z">
    <groups>
    </groups>
    <test name="Test2" duration-ms="22224" started-at="2017-11-25T04:48:10Z" finished-at="2017-11-25T04:48:33Z">
      <class name="day15_Robot.Robot_UploadFile">
        <test-method status="PASS" signature="f()[pri:0, instance:day15_Robot.Robot_UploadFile@25618e91]" name="f" duration-ms="22183" started-at="2017-11-25T10:18:10Z" finished-at="2017-11-25T10:18:33Z">
          <reporter-output>
          </reporter-output>
        </test-method> <!-- f -->
      </class> <!-- day15_Robot.Robot_UploadFile -->
    </test> <!-- Test2 -->
    <test name="Test" duration-ms="48781" started-at="2017-11-25T04:48:10Z" finished-at="2017-11-25T04:48:59Z">
      <class name="day12_testng.NewTest">
        <test-method status="SKIP" signature="beforec()[pri:0, instance:day12_testng.NewTest@2d6a9952]" name="beforec" is-config="true" duration-ms="0" started-at="2017-11-25T10:18:59Z" finished-at="2017-11-25T10:18:59Z">
          <reporter-output>
          </reporter-output>
        </test-method> <!-- beforec -->
        <test-method status="SKIP" signature="beforeTest()[pri:0, instance:day12_testng.NewTest@2d6a9952]" name="beforeTest" is-config="true" duration-ms="0" started-at="2017-11-25T10:18:59Z" finished-at="2017-11-25T10:18:59Z">
          <reporter-output>
          </reporter-output>
        </test-method> <!-- beforeTest -->
        <test-method status="SKIP" signature="a()[pri:0, instance:day12_testng.NewTest@2d6a9952]" name="a" duration-ms="0" started-at="2017-11-25T10:18:59Z" finished-at="2017-11-25T10:18:59Z">
          <reporter-output>
          </reporter-output>
        </test-method> <!-- a -->
        <test-method status="SKIP" signature="afterTest()[pri:0, instance:day12_testng.NewTest@2d6a9952]" name="afterTest" is-config="true" duration-ms="0" started-at="2017-11-25T10:18:59Z" finished-at="2017-11-25T10:18:59Z">
          <reporter-output>
          </reporter-output>
        </test-method> <!-- afterTest -->
        <test-method status="SKIP" signature="afterTest()[pri:0, instance:day12_testng.NewTest@2d6a9952]" name="afterTest" is-config="true" duration-ms="0" started-at="2017-11-25T10:18:59Z" finished-at="2017-11-25T10:18:59Z">
          <reporter-output>
          </reporter-output>
        </test-method> <!-- afterTest -->
        <test-method status="SKIP" signature="beforeTest()[pri:0, instance:day12_testng.NewTest@2d6a9952]" name="beforeTest" is-config="true" duration-ms="0" started-at="2017-11-25T10:18:59Z" finished-at="2017-11-25T10:18:59Z">
          <reporter-output>
          </reporter-output>
        </test-method> <!-- beforeTest -->
        <test-method status="SKIP" signature="beforeTest()[pri:0, instance:day12_testng.NewTest@2d6a9952]" name="beforeTest" is-config="true" duration-ms="0" started-at="2017-11-25T10:18:59Z" finished-at="2017-11-25T10:18:59Z">
          <reporter-output>
          </reporter-output>
        </test-method> <!-- beforeTest -->
        <test-method status="SKIP" signature="f()[pri:0, instance:day12_testng.NewTest@2d6a9952]" name="f" duration-ms="0" started-at="2017-11-25T10:18:59Z" finished-at="2017-11-25T10:18:59Z">
          <reporter-output>
          </reporter-output>
        </test-method> <!-- f -->
        <test-method status="SKIP" signature="afterC()[pri:0, instance:day12_testng.NewTest@2d6a9952]" name="afterC" is-config="true" duration-ms="0" started-at="2017-11-25T10:18:59Z" finished-at="2017-11-25T10:18:59Z">
          <reporter-output>
          </reporter-output>
        </test-method> <!-- afterC -->
        <test-method status="SKIP" signature="afterTest()[pri:0, instance:day12_testng.NewTest@2d6a9952]" name="afterTest" is-config="true" duration-ms="0" started-at="2017-11-25T10:18:59Z" finished-at="2017-11-25T10:18:59Z">
          <reporter-output>
          </reporter-output>
        </test-method> <!-- afterTest -->
        <test-method status="SKIP" signature="z()[pri:0, instance:day12_testng.NewTest@2d6a9952]" name="z" duration-ms="0" started-at="2017-11-25T10:18:59Z" finished-at="2017-11-25T10:18:59Z">
          <reporter-output>
          </reporter-output>
        </test-method> <!-- z -->
      </class> <!-- day12_testng.NewTest -->
      <class name="day12_testng.Calander_Webtable">
        <test-method status="FAIL" signature="setUp()[pri:0, instance:day12_testng.Calander_Webtable@47d384ee]" name="setUp" is-config="true" duration-ms="0" started-at="2017-11-25T10:18:10Z" finished-at="2017-11-25T10:18:10Z">
          <exception class="org.openqa.selenium.remote.UnreachableBrowserException">
            <message>
              <![CDATA[Error communicating with the remote browser. It may have died.
Build info: version: '2.53.0', revision: '35ae25b', time: '2016-03-15 17:00:58'
System info: host: 'userft-PC', ip: '192.168.1.22', os.name: 'Windows 7', os.arch: 'amd64', os.version: '6.1', java.version: '1.8.0_92'
Driver info: driver.version: RemoteWebDriver
Capabilities [{applicationCacheEnabled=true, rotatable=false, handlesAlerts=true, databaseEnabled=true, version=43.0.1, platform=WINDOWS, nativeEvents=false, acceptSslCerts=true, webStorageEnabled=true, locationContextEnabled=true, browserName=firefox, takesScreenshot=true, javascriptEnabled=true, cssSelectorsEnabled=true}]
Session ID: 6ad188b2-c567-4a80-8353-79b7957f7fa8]]>
            </message>
            <full-stacktrace>
              <![CDATA[org.openqa.selenium.remote.UnreachableBrowserException: Error communicating with the remote browser. It may have died.
Build info: version: '2.53.0', revision: '35ae25b', time: '2016-03-15 17:00:58'
System info: host: 'userft-PC', ip: '192.168.1.22', os.name: 'Windows 7', os.arch: 'amd64', os.version: '6.1', java.version: '1.8.0_92'
Driver info: driver.version: RemoteWebDriver
Capabilities [{applicationCacheEnabled=true, rotatable=false, handlesAlerts=true, databaseEnabled=true, version=43.0.1, platform=WINDOWS, nativeEvents=false, acceptSslCerts=true, webStorageEnabled=true, locationContextEnabled=true, browserName=firefox, takesScreenshot=true, javascriptEnabled=true, cssSelectorsEnabled=true}]
Session ID: 6ad188b2-c567-4a80-8353-79b7957f7fa8
	at org.openqa.selenium.remote.RemoteWebDriver.execute(RemoteWebDriver.java:665)
	at org.openqa.selenium.remote.RemoteWebDriver$RemoteWebDriverOptions$RemoteWindow.maximize(RemoteWebDriver.java:945)
	at day12_testng.Calander_Webtable.setUp(Calander_Webtable.java:24)
	at sun.reflect.NativeMethodAccessorImpl.invoke0(Native Method)
	at sun.reflect.NativeMethodAccessorImpl.invoke(Unknown Source)
	at sun.reflect.DelegatingMethodAccessorImpl.invoke(Unknown Source)
	at java.lang.reflect.Method.invoke(Unknown Source)
	at org.testng.internal.MethodInvocationHelper.invokeMethod(MethodInvocationHelper.java:85)
	at org.testng.internal.Invoker.invokeConfigurationMethod(Invoker.java:510)
	at org.testng.internal.Invoker.invokeConfigurations(Invoker.java:211)
	at org.testng.internal.Invoker.invokeConfigurations(Invoker.java:138)
	at org.testng.TestRunner.beforeRun(TestRunner.java:648)
	at org.testng.TestRunner.run(TestRunner.java:616)
	at org.testng.SuiteRunner.runTest(SuiteRunner.java:359)
	at org.testng.SuiteRunner.access$000(SuiteRunner.java:39)
	at org.testng.SuiteRunner$SuiteWorker.run(SuiteRunner.java:393)
	at org.testng.internal.thread.ThreadUtil$2.call(ThreadUtil.java:64)
	at java.util.concurrent.FutureTask.run(Unknown Source)
	at java.util.concurrent.ThreadPoolExecutor.runWorker(Unknown Source)
	at java.util.concurrent.ThreadPoolExecutor$Worker.run(Unknown Source)
	at java.lang.Thread.run(Unknown Source)
Caused by: org.apache.http.conn.HttpHostConnectException: Connect to 127.0.0.1:7057 [/127.0.0.1] failed: Connection refused: connect
	at org.apache.http.impl.conn.DefaultHttpClientConnectionOperator.connect(DefaultHttpClientConnectionOperator.java:151)
	at org.apache.http.impl.conn.PoolingHttpClientConnectionManager.connect(PoolingHttpClientConnectionManager.java:353)
	at org.apache.http.impl.execchain.MainClientExec.establishRoute(MainClientExec.java:380)
	at org.apache.http.impl.execchain.MainClientExec.execute(MainClientExec.java:236)
	at org.apache.http.impl.execchain.ProtocolExec.execute(ProtocolExec.java:184)
	at org.apache.http.impl.execchain.RetryExec.execute(RetryExec.java:88)
	at org.apache.http.impl.execchain.RedirectExec.execute(RedirectExec.java:110)
	at org.apache.http.impl.client.InternalHttpClient.doExecute(InternalHttpClient.java:184)
	at org.apache.http.impl.client.CloseableHttpClient.execute(CloseableHttpClient.java:71)
	at org.apache.http.impl.client.CloseableHttpClient.execute(CloseableHttpClient.java:55)
	at org.openqa.selenium.remote.internal.ApacheHttpClient.fallBackExecute(ApacheHttpClient.java:162)
	at org.openqa.selenium.remote.internal.ApacheHttpClient.execute(ApacheHttpClient.java:90)
	at org.openqa.selenium.remote.HttpCommandExecutor.execute(HttpCommandExecutor.java:142)
	at org.openqa.selenium.firefox.internal.NewProfileExtensionConnection.execute(NewProfileExtensionConnection.java:160)
	at org.openqa.selenium.firefox.FirefoxDriver$LazyCommandExecutor.execute(FirefoxDriver.java:380)
	at org.openqa.selenium.remote.RemoteWebDriver.execute(RemoteWebDriver.java:644)
	... 20 more
Caused by: java.net.ConnectException: Connection refused: connect
	at java.net.DualStackPlainSocketImpl.waitForConnect(Native Method)
	at java.net.DualStackPlainSocketImpl.socketConnect(Unknown Source)
	at java.net.AbstractPlainSocketImpl.doConnect(Unknown Source)
	at java.net.AbstractPlainSocketImpl.connectToAddress(Unknown Source)
	at java.net.AbstractPlainSocketImpl.connect(Unknown Source)
	at java.net.PlainSocketImpl.connect(Unknown Source)
	at java.net.SocksSocketImpl.connect(Unknown Source)
	at java.net.Socket.connect(Unknown Source)
	at org.apache.http.conn.socket.PlainConnectionSocketFactory.connectSocket(PlainConnectionSocketFactory.java:74)
	at org.apache.http.impl.conn.DefaultHttpClientConnectionOperator.connect(DefaultHttpClientConnectionOperator.java:134)
	... 35 more
]]>
            </full-stacktrace>
          </exception> <!-- org.openqa.selenium.remote.UnreachableBrowserException -->
          <reporter-output>
          </reporter-output>
        </test-method> <!-- setUp -->
        <test-method status="SKIP" signature="calanderTest()[pri:0, instance:day12_testng.Calander_Webtable@47d384ee]" name="calanderTest" duration-ms="0" started-at="2017-11-25T10:18:59Z" finished-at="2017-11-25T10:18:59Z">
          <reporter-output>
          </reporter-output>
        </test-method> <!-- calanderTest -->
      </class> <!-- day12_testng.Calander_Webtable -->
    </test> <!-- Test -->
  </suite> <!-- Suite1233333 -->
</testng-results>
